<?xml version="1.0" encoding="UTF-8"?>
<robot generator="Robot 7.0.1 (Python 3.12.4 on darwin)" generated="2024-07-24T21:53:53.299875" rpa="false" schemaversion="5">
<suite id="s1" name="testScript" source="/Users/ruangguru/Work/andrewdvd001/robotFramework/tests/ProductOne/web/testScript.robot">
<test id="s1-t1" name="Verify user successfully Login in Brain Academy with valid credential" line="8">
<kw name="Begin Web Test">
<kw name="Open Browser" owner="SeleniumLibrary">
<msg time="2024-07-24T21:53:53.382086" level="INFO">Opening browser 'Chrome' to base url 'about:blank'.</msg>
<arg>about:blank</arg>
<arg>Chrome</arg>
<arg>options=add_argument("--start-maximized")</arg>
<doc>Opens a new browser instance to the optional ``url``.</doc>
<status status="PASS" start="2024-07-24T21:53:53.381984" elapsed="0.906714"/>
</kw>
<kw name="Set Browser Implicit Wait" owner="SeleniumLibrary">
<arg>3s</arg>
<doc>Sets the implicit wait value used by Selenium.</doc>
<status status="PASS" start="2024-07-24T21:53:54.289015" elapsed="0.000658"/>
</kw>
<status status="PASS" start="2024-07-24T21:53:53.381646" elapsed="0.908097"/>
</kw>
<kw name="Access brainacademy">
<kw name="Go To" owner="SeleniumLibrary">
<msg time="2024-07-24T21:53:54.290512" level="INFO">Opening url 'https://app.brainacademy.id'</msg>
<arg>https://app.brainacademy.id</arg>
<doc>Navigates the current browser window to the provided ``url``.</doc>
<status status="PASS" start="2024-07-24T21:53:54.290451" elapsed="1.058484"/>
</kw>
<kw name="Page Should Contain" owner="SeleniumLibrary">
<msg time="2024-07-24T21:53:55.481121" level="INFO">Current page contains text 'Brain Academy Online'.</msg>
<arg>Brain Academy Online</arg>
<doc>Verifies that current page contains ``text``.</doc>
<status status="PASS" start="2024-07-24T21:53:55.349053" elapsed="0.132127"/>
</kw>
<status status="PASS" start="2024-07-24T21:53:54.290011" elapsed="1.191237"/>
</kw>
<kw name="Open login page">
<kw name="Click Link" owner="SeleniumLibrary">
<msg time="2024-07-24T21:53:55.482291" level="INFO">Clicking link 'Masuk/Daftar'.</msg>
<arg>Masuk/Daftar</arg>
<doc>Clicks a link identified by ``locator``.</doc>
<status status="PASS" start="2024-07-24T21:53:55.481835" elapsed="1.467293"/>
</kw>
<kw name="Page Should Contain" owner="SeleniumLibrary">
<msg time="2024-07-24T21:53:56.958463" level="INFO">Current page contains text 'Yuk, daftar atau masuk sekarang.'.</msg>
<arg>Yuk, daftar atau masuk sekarang.</arg>
<doc>Verifies that current page contains ``text``.</doc>
<status status="PASS" start="2024-07-24T21:53:56.949267" elapsed="0.009280"/>
</kw>
<status status="PASS" start="2024-07-24T21:53:55.481406" elapsed="1.477199"/>
</kw>
<kw name="Fill correct email">
<kw name="Input Text" owner="SeleniumLibrary">
<msg time="2024-07-24T21:53:56.959012" level="INFO">Typing text 'andrew.david@ruangguru.com' into text field 'name=emailOrPhone'.</msg>
<arg>name=emailOrPhone</arg>
<arg>andrew.david@ruangguru.com</arg>
<doc>Types the given ``text`` into the text field identified by ``locator``.</doc>
<status status="PASS" start="2024-07-24T21:53:56.958903" elapsed="0.184890"/>
</kw>
<kw name="Click Button" owner="SeleniumLibrary">
<msg time="2024-07-24T21:53:57.144055" level="INFO">Clicking button 'Lanjutkan'.</msg>
<arg>Lanjutkan</arg>
<doc>Clicks the button identified by ``locator``.</doc>
<status status="PASS" start="2024-07-24T21:53:57.143913" elapsed="3.103690"/>
</kw>
<kw name="Page Should Contain" owner="SeleniumLibrary">
<msg time="2024-07-24T21:54:00.256997" level="INFO">Current page contains text 'Halo! Selamat datang kembali!'.</msg>
<arg>Halo! Selamat datang kembali!</arg>
<doc>Verifies that current page contains ``text``.</doc>
<status status="PASS" start="2024-07-24T21:54:00.247715" elapsed="0.009335"/>
</kw>
<status status="PASS" start="2024-07-24T21:53:56.958750" elapsed="3.298356"/>
</kw>
<kw name="Fill correct password">
<kw name="Input Text" owner="SeleniumLibrary">
<msg time="2024-07-24T21:54:00.257747" level="INFO">Typing text 'adasubally' into text field 'name=password'.</msg>
<arg>name=password</arg>
<arg>adasubally</arg>
<doc>Types the given ``text`` into the text field identified by ``locator``.</doc>
<status status="PASS" start="2024-07-24T21:54:00.257555" elapsed="0.255251"/>
</kw>
<kw name="Click Button" owner="SeleniumLibrary">
<msg time="2024-07-24T21:54:00.513029" level="INFO">Clicking button 'Masuk'.</msg>
<arg>Masuk</arg>
<doc>Clicks the button identified by ``locator``.</doc>
<status status="PASS" start="2024-07-24T21:54:00.512922" elapsed="3.087046"/>
</kw>
<kw name="Page Should Contain" owner="SeleniumLibrary">
<msg time="2024-07-24T21:54:04.196495" level="INFO">Current page contains text 'Andrew D'.</msg>
<arg>Andrew D</arg>
<doc>Verifies that current page contains ``text``.</doc>
<status status="PASS" start="2024-07-24T21:54:03.600120" elapsed="0.596534"/>
</kw>
<status status="PASS" start="2024-07-24T21:54:00.257238" elapsed="3.939562"/>
</kw>
<kw name="Close browser">
<kw name="Close All Browsers" owner="SeleniumLibrary">
<doc>Closes all open browsers and resets the browser cache.</doc>
<status status="PASS" start="2024-07-24T21:54:04.197237" elapsed="0.097614"/>
</kw>
<status status="PASS" start="2024-07-24T21:54:04.197033" elapsed="0.097882"/>
</kw>
<doc>Testcase for Login Cases</doc>
<tag>TC1 Smoke Auth</tag>
<status status="PASS" start="2024-07-24T21:53:53.381342" elapsed="10.913673"/>
</test>
<test id="s1-t2" name="Verify user failed to Login in Brain Academy with invalid password" line="19">
<kw name="Begin Web Test">
<kw name="Open Browser" owner="SeleniumLibrary">
<msg time="2024-07-24T21:54:04.295633" level="INFO">Opening browser 'Chrome' to base url 'about:blank'.</msg>
<arg>about:blank</arg>
<arg>Chrome</arg>
<arg>options=add_argument("--start-maximized")</arg>
<doc>Opens a new browser instance to the optional ``url``.</doc>
<status status="PASS" start="2024-07-24T21:54:04.295536" elapsed="0.810658"/>
</kw>
<kw name="Set Browser Implicit Wait" owner="SeleniumLibrary">
<arg>3s</arg>
<doc>Sets the implicit wait value used by Selenium.</doc>
<status status="PASS" start="2024-07-24T21:54:05.106449" elapsed="0.000530"/>
</kw>
<status status="PASS" start="2024-07-24T21:54:04.295409" elapsed="0.811626"/>
</kw>
<kw name="Access brainacademy">
<kw name="Go To" owner="SeleniumLibrary">
<msg time="2024-07-24T21:54:05.107417" level="INFO">Opening url 'https://app.brainacademy.id'</msg>
<arg>https://app.brainacademy.id</arg>
<doc>Navigates the current browser window to the provided ``url``.</doc>
<status status="PASS" start="2024-07-24T21:54:05.107297" elapsed="1.043157"/>
</kw>
<kw name="Page Should Contain" owner="SeleniumLibrary">
<msg time="2024-07-24T21:54:06.252238" level="INFO">Current page contains text 'Brain Academy Online'.</msg>
<arg>Brain Academy Online</arg>
<doc>Verifies that current page contains ``text``.</doc>
<status status="PASS" start="2024-07-24T21:54:06.150608" elapsed="0.101700"/>
</kw>
<status status="PASS" start="2024-07-24T21:54:05.107162" elapsed="1.145207"/>
</kw>
<kw name="Open login page">
<kw name="Click Link" owner="SeleniumLibrary">
<msg time="2024-07-24T21:54:06.252960" level="INFO">Clicking link 'Masuk/Daftar'.</msg>
<arg>Masuk/Daftar</arg>
<doc>Clicks a link identified by ``locator``.</doc>
<status status="PASS" start="2024-07-24T21:54:06.252843" elapsed="1.533179"/>
</kw>
<kw name="Page Should Contain" owner="SeleniumLibrary">
<msg time="2024-07-24T21:54:07.793641" level="INFO">Current page contains text 'Yuk, daftar atau masuk sekarang.'.</msg>
<arg>Yuk, daftar atau masuk sekarang.</arg>
<doc>Verifies that current page contains ``text``.</doc>
<status status="PASS" start="2024-07-24T21:54:07.786154" elapsed="0.007538"/>
</kw>
<status status="PASS" start="2024-07-24T21:54:06.252671" elapsed="1.541075"/>
</kw>
<kw name="Fill correct email">
<kw name="Input Text" owner="SeleniumLibrary">
<msg time="2024-07-24T21:54:07.794256" level="INFO">Typing text 'andrew.david@ruangguru.com' into text field 'name=emailOrPhone'.</msg>
<arg>name=emailOrPhone</arg>
<arg>andrew.david@ruangguru.com</arg>
<doc>Types the given ``text`` into the text field identified by ``locator``.</doc>
<status status="PASS" start="2024-07-24T21:54:07.794102" elapsed="0.185468"/>
</kw>
<kw name="Click Button" owner="SeleniumLibrary">
<msg time="2024-07-24T21:54:07.980248" level="INFO">Clicking button 'Lanjutkan'.</msg>
<arg>Lanjutkan</arg>
<doc>Clicks the button identified by ``locator``.</doc>
<status status="PASS" start="2024-07-24T21:54:07.979930" elapsed="3.116093"/>
</kw>
<kw name="Page Should Contain" owner="SeleniumLibrary">
<msg time="2024-07-24T21:54:11.105650" level="INFO">Current page contains text 'Halo! Selamat datang kembali!'.</msg>
<arg>Halo! Selamat datang kembali!</arg>
<doc>Verifies that current page contains ``text``.</doc>
<status status="PASS" start="2024-07-24T21:54:11.096213" elapsed="0.009491"/>
</kw>
<status status="PASS" start="2024-07-24T21:54:07.793895" elapsed="3.311862"/>
</kw>
<kw name="Close browser">
<kw name="Close All Browsers" owner="SeleniumLibrary">
<doc>Closes all open browsers and resets the browser cache.</doc>
<status status="PASS" start="2024-07-24T21:54:11.106066" elapsed="0.103425"/>
</kw>
<status status="PASS" start="2024-07-24T21:54:11.105897" elapsed="0.103670"/>
</kw>
<doc>Testcase for Login failed Cases</doc>
<tag>TC2 Smoke Auth</tag>
<status status="PASS" start="2024-07-24T21:54:04.295166" elapsed="6.914510"/>
</test>
<doc>This is some basic info about the whole SUITE</doc>
<status status="PASS" start="2024-07-24T21:53:53.300381" elapsed="17.909573"/>
</suite>
<statistics>
<total>
<stat pass="2" fail="0" skip="0">All Tests</stat>
</total>
<tag>
<stat pass="1" fail="0" skip="0">TC1 Smoke Auth</stat>
<stat pass="1" fail="0" skip="0">TC2 Smoke Auth</stat>
</tag>
<suite>
<stat pass="2" fail="0" skip="0" id="s1" name="testScript">testScript</stat>
</suite>
</statistics>
<errors>
</errors>
</robot>
