<?xml version="1.0" encoding="UTF-8"?>
<robot generator="Robot 7.0.1 (Python 3.12.4 on darwin)" generated="2024-07-24T22:51:44.204451" rpa="false" schemaversion="5">
<suite id="s1" name="ruangguruAuth" source="/Users/ruangguru/Work/andrewdvd001/robotFramework/tests/ProductOne/web/ruangguruAuth.robot">
<test id="s1-t1" name="Verify user successfully Login in Brain Academy with valid credential" line="9">
<kw name="Begin Web Test" owner="common">
<kw name="Open Browser" owner="SeleniumLibrary">
<msg time="2024-07-24T22:51:44.286867" level="INFO">Opening browser 'Chrome' to base url 'about:blank'.</msg>
<arg>about:blank</arg>
<arg>Chrome</arg>
<arg>options=add_argument("--start-maximized")</arg>
<doc>Opens a new browser instance to the optional ``url``.</doc>
<status status="PASS" start="2024-07-24T22:51:44.286760" elapsed="0.920949"/>
</kw>
<kw name="Set Selenium Speed" owner="SeleniumLibrary">
<arg>1s</arg>
<doc>Sets the delay that is waited after each Selenium command.</doc>
<status status="PASS" start="2024-07-24T22:51:45.208050" elapsed="0.000264"/>
</kw>
<kw name="Set Selenium Timeout" owner="SeleniumLibrary">
<arg>10s</arg>
<doc>Sets the timeout that is used by various keywords.</doc>
<status status="PASS" start="2024-07-24T22:51:45.208396" elapsed="1.005667"/>
</kw>
<status status="PASS" start="2024-07-24T22:51:44.286411" elapsed="1.927768"/>
</kw>
<kw name="Access brainacademy" owner="brainacademy">
<kw name="Go To" owner="SeleniumLibrary">
<msg time="2024-07-24T22:51:46.214668" level="INFO">Opening url 'https://app.brainacademy.id'</msg>
<arg>https://app.brainacademy.id</arg>
<doc>Navigates the current browser window to the provided ``url``.</doc>
<status status="PASS" start="2024-07-24T22:51:46.214603" elapsed="2.007672"/>
</kw>
<kw name="Page Should Contain" owner="SeleniumLibrary">
<msg time="2024-07-24T22:51:50.241527" level="INFO">Current page contains text 'Brain Academy Online'.</msg>
<arg>Brain Academy Online</arg>
<doc>Verifies that current page contains ``text``.</doc>
<status status="PASS" start="2024-07-24T22:51:48.222403" elapsed="2.019199"/>
</kw>
<status status="PASS" start="2024-07-24T22:51:46.214403" elapsed="4.027301"/>
</kw>
<kw name="Open login page" owner="brainacademy">
<kw name="Click Link" owner="SeleniumLibrary">
<msg time="2024-07-24T22:51:50.242357" level="INFO">Clicking link 'Masuk/Daftar'.</msg>
<arg>Masuk/Daftar</arg>
<doc>Clicks a link identified by ``locator``.</doc>
<status status="PASS" start="2024-07-24T22:51:50.242114" elapsed="4.832643"/>
</kw>
<kw name="Page Should Contain" owner="SeleniumLibrary">
<msg time="2024-07-24T22:51:57.095165" level="INFO">Current page contains text 'Yuk, daftar atau masuk sekarang.'.</msg>
<arg>Yuk, daftar atau masuk sekarang.</arg>
<doc>Verifies that current page contains ``text``.</doc>
<status status="PASS" start="2024-07-24T22:51:55.074951" elapsed="2.020284"/>
</kw>
<status status="PASS" start="2024-07-24T22:51:50.241941" elapsed="6.853358"/>
</kw>
<kw name="Fill correct email" owner="brainacademy">
<kw name="Input Text" owner="SeleniumLibrary">
<msg time="2024-07-24T22:51:57.095738" level="INFO">Typing text 'andrew.david@ruangguru.com' into text field 'name=emailOrPhone'.</msg>
<arg>name=emailOrPhone</arg>
<arg>andrew.david@ruangguru.com</arg>
<doc>Types the given ``text`` into the text field identified by ``locator``.</doc>
<status status="PASS" start="2024-07-24T22:51:57.095625" elapsed="3.203808"/>
</kw>
<kw name="Click Button" owner="SeleniumLibrary">
<msg time="2024-07-24T22:52:00.299671" level="INFO">Clicking button 'Lanjutkan'.</msg>
<arg>Lanjutkan</arg>
<doc>Clicks the button identified by ``locator``.</doc>
<status status="PASS" start="2024-07-24T22:52:00.299558" elapsed="4.077895"/>
</kw>
<kw name="Page Should Contain" owner="SeleniumLibrary">
<msg time="2024-07-24T22:52:06.395479" level="INFO">Current page contains text 'Halo! Selamat datang kembali!'.</msg>
<arg>Halo! Selamat datang kembali!</arg>
<doc>Verifies that current page contains ``text``.</doc>
<status status="PASS" start="2024-07-24T22:52:04.377578" elapsed="2.017970"/>
</kw>
<status status="PASS" start="2024-07-24T22:51:57.095456" elapsed="9.300155"/>
</kw>
<kw name="Fill correct password" owner="brainacademy">
<kw name="Input Text" owner="SeleniumLibrary">
<msg time="2024-07-24T22:52:06.396053" level="INFO">Typing text 'adasubally' into text field 'name=password'.</msg>
<arg>name=password</arg>
<arg>adasubally</arg>
<doc>Types the given ``text`` into the text field identified by ``locator``.</doc>
<status status="PASS" start="2024-07-24T22:52:06.395938" elapsed="3.058371"/>
</kw>
<kw name="Click Button" owner="SeleniumLibrary">
<msg time="2024-07-24T22:52:09.454533" level="INFO">Clicking button 'Masuk'.</msg>
<arg>Masuk</arg>
<doc>Clicks the button identified by ``locator``.</doc>
<status status="PASS" start="2024-07-24T22:52:09.454429" elapsed="4.076228"/>
</kw>
<kw name="Page Should Contain" owner="SeleniumLibrary">
<msg time="2024-07-24T22:52:15.572809" level="INFO">Current page contains text 'Andrew D'.</msg>
<arg>Andrew D</arg>
<doc>Verifies that current page contains ``text``.</doc>
<status status="PASS" start="2024-07-24T22:52:13.530829" elapsed="2.042844"/>
</kw>
<status status="PASS" start="2024-07-24T22:52:06.395799" elapsed="9.177977"/>
</kw>
<kw name="Close browser" owner="common">
<kw name="Close All Browsers" owner="SeleniumLibrary">
<doc>Closes all open browsers and resets the browser cache.</doc>
<status status="PASS" start="2024-07-24T22:52:15.574300" elapsed="1.064226"/>
</kw>
<status status="PASS" start="2024-07-24T22:52:15.574064" elapsed="1.064653"/>
</kw>
<doc>Testcase for Login Cases</doc>
<tag>TC1 Smoke Auth</tag>
<status status="PASS" start="2024-07-24T22:51:44.286097" elapsed="32.352910"/>
</test>
<test id="s1-t2" name="Verify user failed to Login in Brain Academy with invalid password" line="20">
<kw name="Begin Web Test" owner="common">
<kw name="Open Browser" owner="SeleniumLibrary">
<msg time="2024-07-24T22:52:16.640037" level="INFO">Opening browser 'Chrome' to base url 'about:blank'.</msg>
<arg>about:blank</arg>
<arg>Chrome</arg>
<arg>options=add_argument("--start-maximized")</arg>
<doc>Opens a new browser instance to the optional ``url``.</doc>
<status status="PASS" start="2024-07-24T22:52:16.639874" elapsed="1.835601"/>
</kw>
<kw name="Set Selenium Speed" owner="SeleniumLibrary">
<arg>1s</arg>
<doc>Sets the delay that is waited after each Selenium command.</doc>
<status status="PASS" start="2024-07-24T22:52:18.475779" elapsed="0.000215"/>
</kw>
<kw name="Set Selenium Timeout" owner="SeleniumLibrary">
<arg>10s</arg>
<doc>Sets the timeout that is used by various keywords.</doc>
<status status="PASS" start="2024-07-24T22:52:18.476068" elapsed="1.005741"/>
</kw>
<status status="PASS" start="2024-07-24T22:52:16.639662" elapsed="2.842313"/>
</kw>
<kw name="Access brainacademy" owner="brainacademy">
<kw name="Go To" owner="SeleniumLibrary">
<msg time="2024-07-24T22:52:19.482575" level="INFO">Opening url 'https://app.brainacademy.id'</msg>
<arg>https://app.brainacademy.id</arg>
<doc>Navigates the current browser window to the provided ``url``.</doc>
<status status="PASS" start="2024-07-24T22:52:19.482511" elapsed="5.184595"/>
</kw>
<kw name="Page Should Contain" owner="SeleniumLibrary">
<msg time="2024-07-24T22:52:26.680444" level="INFO">Current page contains text 'Brain Academy Online'.</msg>
<arg>Brain Academy Online</arg>
<doc>Verifies that current page contains ``text``.</doc>
<status status="PASS" start="2024-07-24T22:52:24.667228" elapsed="2.013300"/>
</kw>
<status status="PASS" start="2024-07-24T22:52:19.482306" elapsed="7.198287"/>
</kw>
<kw name="Open login page" owner="brainacademy">
<kw name="Click Link" owner="SeleniumLibrary">
<msg time="2024-07-24T22:52:26.681048" level="INFO">Clicking link 'Masuk/Daftar'.</msg>
<arg>Masuk/Daftar</arg>
<doc>Clicks a link identified by ``locator``.</doc>
<status status="PASS" start="2024-07-24T22:52:26.680917" elapsed="4.581088"/>
</kw>
<kw name="Page Should Contain" owner="SeleniumLibrary">
<msg time="2024-07-24T22:52:33.278997" level="INFO">Current page contains text 'Yuk, daftar atau masuk sekarang.'.</msg>
<arg>Yuk, daftar atau masuk sekarang.</arg>
<doc>Verifies that current page contains ``text``.</doc>
<status status="PASS" start="2024-07-24T22:52:31.262130" elapsed="2.016939"/>
</kw>
<status status="PASS" start="2024-07-24T22:52:26.680766" elapsed="6.598445"/>
</kw>
<kw name="Fill correct email" owner="brainacademy">
<kw name="Input Text" owner="SeleniumLibrary">
<msg time="2024-07-24T22:52:33.279634" level="INFO">Typing text 'andrew.david@ruangguru.com' into text field 'name=emailOrPhone'.</msg>
<arg>name=emailOrPhone</arg>
<arg>andrew.david@ruangguru.com</arg>
<doc>Types the given ``text`` into the text field identified by ``locator``.</doc>
<status status="PASS" start="2024-07-24T22:52:33.279527" elapsed="3.165540"/>
</kw>
<kw name="Click Button" owner="SeleniumLibrary">
<msg time="2024-07-24T22:52:36.445306" level="INFO">Clicking button 'Lanjutkan'.</msg>
<arg>Lanjutkan</arg>
<doc>Clicks the button identified by ``locator``.</doc>
<status status="PASS" start="2024-07-24T22:52:36.445198" elapsed="4.083845"/>
</kw>
<kw name="Page Should Contain" owner="SeleniumLibrary">
<msg time="2024-07-24T22:52:42.552490" level="INFO">Current page contains text 'Halo! Selamat datang kembali!'.</msg>
<arg>Halo! Selamat datang kembali!</arg>
<doc>Verifies that current page contains ``text``.</doc>
<status status="PASS" start="2024-07-24T22:52:40.529199" elapsed="2.023363"/>
</kw>
<status status="PASS" start="2024-07-24T22:52:33.279363" elapsed="9.273261"/>
</kw>
<kw name="Close browser" owner="common">
<kw name="Close All Browsers" owner="SeleniumLibrary">
<doc>Closes all open browsers and resets the browser cache.</doc>
<status status="PASS" start="2024-07-24T22:52:42.552964" elapsed="1.058977"/>
</kw>
<status status="PASS" start="2024-07-24T22:52:42.552818" elapsed="1.059230"/>
</kw>
<doc>Testcase for Login failed Cases</doc>
<tag>TC2 Smoke Auth</tag>
<status status="PASS" start="2024-07-24T22:52:16.639249" elapsed="26.972963"/>
</test>
<doc>This is some basic info about the whole SUITE</doc>
<status status="PASS" start="2024-07-24T22:51:44.204965" elapsed="59.407666"/>
</suite>
<statistics>
<total>
<stat pass="2" fail="0" skip="0">All Tests</stat>
</total>
<tag>
<stat pass="1" fail="0" skip="0">TC1 Smoke Auth</stat>
<stat pass="1" fail="0" skip="0">TC2 Smoke Auth</stat>
</tag>
<suite>
<stat pass="2" fail="0" skip="0" id="s1" name="ruangguruAuth">ruangguruAuth</stat>
</suite>
</statistics>
<errors>
</errors>
</robot>
