<?xml version="1.0" encoding="UTF-8"?>
<robot generator="Robot 7.0.1 (Python 3.12.4 on darwin)" generated="2024-07-24T09:51:28.236990" rpa="false" schemaversion="5">
<suite id="s1" name="testScript" source="/Users/ruangguru/Work/andrewdvd001/robotFramework/tests/ProductOne/testScript.robot">
<test id="s1-t1" name="Verify user successfully logged in with valid credential" line="11">
<kw name="Log" owner="BuiltIn">
<msg time="2024-07-24T09:51:28.326228" level="INFO">Starting the test case ...</msg>
<arg>Starting the test case ...</arg>
<doc>Logs the given message with the given level.</doc>
<status status="PASS" start="2024-07-24T09:51:28.326150" elapsed="0.000105"/>
</kw>
<kw name="Open Browser" owner="SeleniumLibrary">
<msg time="2024-07-24T09:51:28.326441" level="INFO">Opening browser 'chrome' to base url 'https://www.ruangguru.com/'.</msg>
<arg>https://www.ruangguru.com/</arg>
<arg>chrome</arg>
<doc>Opens a new browser instance to the optional ``url``.</doc>
<status status="PASS" start="2024-07-24T09:51:28.326365" elapsed="82.213809"/>
</kw>
<kw name="Sleep" owner="BuiltIn">
<msg time="2024-07-24T09:52:55.542445" level="INFO">Slept 5 seconds.</msg>
<arg>5s</arg>
<doc>Pauses the test executed for the given time.</doc>
<status status="PASS" start="2024-07-24T09:52:50.540628" elapsed="5.001895"/>
</kw>
<kw name="Close All Browsers" owner="SeleniumLibrary">
<doc>Closes all open browsers and resets the browser cache.</doc>
<status status="PASS" start="2024-07-24T09:52:55.542807" elapsed="0.095587"/>
</kw>
<doc>Testcase for Login Cases</doc>
<tag>TC1 Smoke Auth</tag>
<status status="PASS" start="2024-07-24T09:51:28.325704" elapsed="87.312871"/>
</test>
<doc>This is some basic info about the whole SUITE</doc>
<status status="PASS" start="2024-07-24T09:51:28.237555" elapsed="87.401292"/>
</suite>
<statistics>
<total>
<stat pass="1" fail="0" skip="0">All Tests</stat>
</total>
<tag>
<stat pass="1" fail="0" skip="0">TC1 Smoke Auth</stat>
</tag>
<suite>
<stat pass="1" fail="0" skip="0" id="s1" name="testScript">testScript</stat>
</suite>
</statistics>
<errors>
</errors>
</robot>
