<?xml version="1.0" encoding="UTF-8"?>
<robot generator="Robot 7.0.1 (Python 3.12.4 on darwin)" generated="2024-07-24T11:25:47.175367" rpa="false" schemaversion="5">
<suite id="s1" name="testScript" source="/Users/ruangguru/Work/andrewdvd001/robotFramework/tests/ProductOne/testScript.robot">
<test id="s1-t1" name="Verify user successfully opens Brain Academy link" line="8">
<kw name="Open Browser" owner="SeleniumLibrary">
<msg time="2024-07-24T11:25:47.264131" level="INFO">Opening browser 'Chrome' to base url 'https://app.brainacademy.id/'.</msg>
<arg>https://app.brainacademy.id/</arg>
<arg>Chrome</arg>
<arg>options=add_argument("--start-maximized")</arg>
<doc>Opens a new browser instance to the optional ``url``.</doc>
<status status="PASS" start="2024-07-24T11:25:47.264012" elapsed="1.941253"/>
</kw>
<kw name="Set Browser Implicit Wait" owner="SeleniumLibrary">
<arg>15s</arg>
<doc>Sets the implicit wait value used by Selenium.</doc>
<status status="PASS" start="2024-07-24T11:25:49.206192" elapsed="0.001225"/>
</kw>
<kw name="Click Link" owner="SeleniumLibrary">
<msg time="2024-07-24T11:25:49.208726" level="INFO">Clicking link 'Masuk/Daftar'.</msg>
<arg>Masuk/Daftar</arg>
<doc>Clicks a link identified by ``locator``.</doc>
<status status="PASS" start="2024-07-24T11:25:49.208259" elapsed="77.742816"/>
</kw>
<kw name="Input Text" owner="SeleniumLibrary">
<msg time="2024-07-24T11:27:06.951435" level="INFO">Typing text 'andrew.david@ruangguru.com' into text field 'name=emailOrPhone'.</msg>
<arg>name=emailOrPhone</arg>
<arg>andrew.david@ruangguru.com</arg>
<doc>Types the given ``text`` into the text field identified by ``locator``.</doc>
<status status="PASS" start="2024-07-24T11:27:06.951280" elapsed="0.176925"/>
</kw>
<kw name="Click Button" owner="SeleniumLibrary">
<msg time="2024-07-24T11:27:07.128804" level="INFO">Clicking button 'Lanjutkan'.</msg>
<arg>Lanjutkan</arg>
<doc>Clicks the button identified by ``locator``.</doc>
<status status="PASS" start="2024-07-24T11:27:07.128483" elapsed="15.085213"/>
</kw>
<kw name="Input Text" owner="SeleniumLibrary">
<msg time="2024-07-24T11:27:22.213992" level="INFO">Typing text 'adasubally' into text field 'name=password'.</msg>
<arg>name=password</arg>
<arg>adasubally</arg>
<doc>Types the given ``text`` into the text field identified by ``locator``.</doc>
<status status="PASS" start="2024-07-24T11:27:22.213849" elapsed="0.486961"/>
</kw>
<kw name="Click Button" owner="SeleniumLibrary">
<msg time="2024-07-24T11:27:22.701178" level="INFO">Clicking button 'Masuk'.</msg>
<arg>Masuk</arg>
<doc>Clicks the button identified by ``locator``.</doc>
<status status="PASS" start="2024-07-24T11:27:22.701057" elapsed="15.061515"/>
</kw>
<kw name="Page Should Contain" owner="SeleniumLibrary">
<msg time="2024-07-24T11:27:40.569969" level="INFO">Current page contains text 'Bagian 1: Data Diri'.</msg>
<arg>Bagian 1: Data Diri</arg>
<doc>Verifies that current page contains ``text``.</doc>
<status status="PASS" start="2024-07-24T11:27:37.762725" elapsed="2.807298"/>
</kw>
<kw name="Close All Browsers" owner="SeleniumLibrary">
<doc>Closes all open browsers and resets the browser cache.</doc>
<status status="PASS" start="2024-07-24T11:27:40.570319" elapsed="0.111438"/>
</kw>
<doc>Testcase for Login Cases</doc>
<tag>TC1 Smoke Auth</tag>
<status status="PASS" start="2024-07-24T11:25:47.263523" elapsed="113.418389"/>
</test>
<doc>This is some basic info about the whole SUITE</doc>
<status status="PASS" start="2024-07-24T11:25:47.175947" elapsed="113.506227"/>
</suite>
<statistics>
<total>
<stat pass="1" fail="0" skip="0">All Tests</stat>
</total>
<tag>
<stat pass="1" fail="0" skip="0">TC1 Smoke Auth</stat>
</tag>
<suite>
<stat pass="1" fail="0" skip="0" id="s1" name="testScript">testScript</stat>
</suite>
</statistics>
<errors>
</errors>
</robot>
